<?xml version="1.0" encoding="UTF-8"?>
<testng-results ignored="0" total="1" passed="1" failed="0" skipped="0">
  <reporter-output>
  </reporter-output>
  <suite started-at="2023-04-26T23:34:59 IST" name="Default suite" finished-at="2023-04-26T23:35:27 IST" duration-ms="27402">
    <groups>
    </groups>
    <test started-at="2023-04-26T23:34:59 IST" name="Default test" finished-at="2023-04-26T23:35:27 IST" duration-ms="27402">
      <class name="testscript.LoginScript">
        <test-method is-config="true" signature="openApp()[pri:0, instance:testscript.LoginScript@247d8ae]" started-at="2023-04-26T23:34:59 IST" name="openApp" finished-at="2023-04-26T23:35:19 IST" duration-ms="19225" status="PASS">
          <reporter-output>
          </reporter-output>
        </test-method> <!-- openApp -->
        <test-method signature="test()[pri:0, instance:testscript.LoginScript@247d8ae]" started-at="2023-04-26T23:35:19 IST" name="test" finished-at="2023-04-26T23:35:26 IST" duration-ms="7099" status="PASS">
          <reporter-output>
          </reporter-output>
        </test-method> <!-- test -->
        <test-method is-config="true" signature="closeApp()[pri:0, instance:testscript.LoginScript@247d8ae]" started-at="2023-04-26T23:35:26 IST" name="closeApp" finished-at="2023-04-26T23:35:27 IST" duration-ms="1042" status="PASS">
          <reporter-output>
          </reporter-output>
        </test-method> <!-- closeApp -->
      </class> <!-- testscript.LoginScript -->
    </test> <!-- Default test -->
  </suite> <!-- Default suite -->
</testng-results>
